This file contains any messages produced by compilers while
running configure, to aid debugging if configure makes a mistake.

It was created by blaswrap configure 0.1, which was
generated by GNU Autoconf 2.69.  Invocation command line was

  $ ./configure --prefix=/home/michael/Codes

## --------- ##
## Platform. ##
## --------- ##

hostname = michael.paraffinalia.co.uk
uname -m = x86_64
uname -r = 5.15.80
uname -s = Linux
uname -v = #1 SMP PREEMPT Sun Nov 27 13:28:05 CST 2022

/usr/bin/uname -p = Intel(R) Core(TM) i5-6200U CPU @ 2.30GHz
/bin/uname -X     = unknown

/bin/arch              = x86_64
/usr/bin/arch -k       = unknown
/usr/convex/getsysinfo = unknown
/usr/bin/hostinfo      = unknown
/bin/machine           = unknown
/usr/bin/oslevel       = unknown
/bin/universe          = unknown

PATH: /usr/local/texlive/2022/bin/x86_64-linux
PATH: /home/michael/bin
PATH: /opt/firefox
PATH: /home/michael/.scripts
PATH: /home/michael/Codes/bin
PATH: /opt/bin
PATH: /usr/local/texlive/2022/bin/x86_64-linux
PATH: /home/michael/bin
PATH: /opt/firefox
PATH: /home/michael/.scripts
PATH: /home/michael/Codes/bin
PATH: /opt/bin
PATH: /usr/local/bin
PATH: /usr/bin
PATH: /bin
PATH: /usr/games
PATH: /usr/lib64/qt5/bin
PATH: /usr/lib64/zulu-openjdk11/bin


## ----------- ##
## Core tests. ##
## ----------- ##

configure:2347: checking for a BSD-compatible install
configure:2415: result: /usr/bin/ginstall -c
configure:2426: checking whether build environment is sane
configure:2481: result: yes
configure:2632: checking for a thread-safe mkdir -p
configure:2671: result: /usr/bin/mkdir -p
configure:2678: checking for gawk
configure:2694: found /usr/bin/gawk
configure:2705: result: gawk
configure:2716: checking whether make sets $(MAKE)
configure:2738: result: yes
configure:2767: checking whether make supports nested variables
configure:2784: result: yes
configure:2972: checking build system type
configure:2986: result: x86_64-pc-linux-gnu
configure:3006: checking host system type
configure:3019: result: x86_64-pc-linux-gnu
configure:3060: checking how to print strings
configure:3087: result: printf
configure:3112: checking whether make supports the include directive
configure:3127: make -f confmf.GNU && cat confinc.out
this is the am__doit target
configure:3130: $? = 0
configure:3149: result: yes (GNU style)
configure:3219: checking for gcc
configure:3235: found /usr/bin/gcc
configure:3246: result: gcc
configure:3475: checking for C compiler version
configure:3484: gcc --version >&5
gcc (GCC) 11.2.0
Copyright (C) 2021 Free Software Foundation, Inc.
This is free software; see the source for copying conditions.  There is NO
warranty; not even for MERCHANTABILITY or FITNESS FOR A PARTICULAR PURPOSE.

configure:3495: $? = 0
configure:3484: gcc -v >&5
Reading specs from /usr/lib64/gcc/x86_64-slackware-linux/11.2.0/specs
COLLECT_GCC=gcc
COLLECT_LTO_WRAPPER=/usr/libexec/gcc/x86_64-slackware-linux/11.2.0/lto-wrapper
Target: x86_64-slackware-linux
Configured with: ../configure --prefix=/usr --libdir=/usr/lib64 --mandir=/usr/man --infodir=/usr/info --enable-shared --enable-bootstrap --enable-languages=ada,brig,c,c++,d,fortran,go,lto,objc,obj-c++ --enable-threads=posix --enable-checking=release --enable-objc-gc --with-system-zlib --enable-libstdcxx-dual-abi --with-default-libstdcxx-abi=new --disable-libstdcxx-pch --disable-libunwind-exceptions --enable-__cxa_atexit --disable-libssp --enable-gnu-unique-object --enable-plugin --enable-lto --disable-install-libiberty --disable-werror --with-gnu-ld --with-isl --verbose --with-arch-directory=amd64 --disable-gtktest --enable-clocale=gnu --disable-multilib --target=x86_64-slackware-linux --build=x86_64-slackware-linux --host=x86_64-slackware-linux
Thread model: posix
Supported LTO compression algorithms: zlib zstd
gcc version 11.2.0 (GCC) 
configure:3495: $? = 0
configure:3484: gcc -V >&5
gcc: error: unrecognized command-line option '-V'
gcc: fatal error: no input files
compilation terminated.
configure:3495: $? = 1
configure:3484: gcc -qversion >&5
gcc: error: unrecognized command-line option '-qversion'; did you mean '--version'?
gcc: fatal error: no input files
compilation terminated.
configure:3495: $? = 1
configure:3515: checking whether the C compiler works
configure:3537: gcc   -L/home/michael/Codes/lib conftest.c  >&5
configure:3541: $? = 0
configure:3589: result: yes
configure:3592: checking for C compiler default output file name
configure:3594: result: a.out
configure:3600: checking for suffix of executables
configure:3607: gcc -o conftest   -L/home/michael/Codes/lib conftest.c  >&5
configure:3611: $? = 0
configure:3633: result: 
configure:3655: checking whether we are cross compiling
configure:3663: gcc -o conftest   -L/home/michael/Codes/lib conftest.c  >&5
configure:3667: $? = 0
configure:3674: ./conftest
configure:3678: $? = 0
configure:3693: result: no
configure:3698: checking for suffix of object files
configure:3720: gcc -c   conftest.c >&5
configure:3724: $? = 0
configure:3745: result: o
configure:3749: checking whether we are using the GNU C compiler
configure:3768: gcc -c   conftest.c >&5
configure:3768: $? = 0
configure:3777: result: yes
configure:3786: checking whether gcc accepts -g
configure:3806: gcc -c -g  conftest.c >&5
configure:3806: $? = 0
configure:3847: result: yes
configure:3864: checking for gcc option to accept ISO C89
configure:3927: gcc  -c -g -O2  conftest.c >&5
configure:3927: $? = 0
configure:3940: result: none needed
configure:3965: checking whether gcc understands -c and -o together
configure:3987: gcc -c conftest.c -o conftest2.o
configure:3990: $? = 0
configure:3987: gcc -c conftest.c -o conftest2.o
configure:3990: $? = 0
configure:4002: result: yes
configure:4021: checking dependency style of gcc
configure:4132: result: gcc3
configure:4147: checking for a sed that does not truncate output
configure:4211: result: /usr/bin/sed
configure:4229: checking for grep that handles long lines and -e
configure:4287: result: /usr/bin/grep
configure:4292: checking for egrep
configure:4354: result: /usr/bin/grep -E
configure:4359: checking for fgrep
configure:4421: result: /usr/bin/grep -F
configure:4456: checking for ld used by gcc
configure:4523: result: /usr/bin/ld
configure:4530: checking if the linker (/usr/bin/ld) is GNU ld
configure:4545: result: yes
configure:4557: checking for BSD- or MS-compatible name lister (nm)
configure:4611: result: /usr/bin/nm -B
configure:4741: checking the name lister (/usr/bin/nm -B) interface
configure:4748: gcc -c -g -O2  conftest.c >&5
configure:4751: /usr/bin/nm -B "conftest.o"
configure:4754: output
0000000000000000 B some_variable
configure:4761: result: BSD nm
configure:4764: checking whether ln -s works
configure:4768: result: yes
configure:4776: checking the maximum length of command line arguments
configure:4907: result: 1572864
configure:4955: checking how to convert x86_64-pc-linux-gnu file names to x86_64-pc-linux-gnu format
configure:4995: result: func_convert_file_noop
configure:5002: checking how to convert x86_64-pc-linux-gnu file names to toolchain format
configure:5022: result: func_convert_file_noop
configure:5029: checking for /usr/bin/ld option to reload object files
configure:5036: result: -r
configure:5110: checking for objdump
configure:5126: found /usr/bin/objdump
configure:5137: result: objdump
configure:5169: checking how to recognize dependent libraries
configure:5369: result: pass_all
configure:5454: checking for dlltool
configure:5470: found /usr/bin/dlltool
configure:5481: result: dlltool
configure:5514: checking how to associate runtime and link libraries
configure:5541: result: printf %s\n
configure:5602: checking for ar
configure:5618: found /usr/bin/ar
configure:5629: result: ar
configure:5666: checking for archiver @FILE support
configure:5683: gcc -c -g -O2  conftest.c >&5
configure:5683: $? = 0
configure:5686: ar cru libconftest.a @conftest.lst >&5
configure:5689: $? = 0
configure:5694: ar cru libconftest.a @conftest.lst >&5
ar: conftest.o: No such file or directory
configure:5697: $? = 1
configure:5709: result: @
configure:5767: checking for strip
configure:5783: found /usr/bin/strip
configure:5794: result: strip
configure:5866: checking for ranlib
configure:5882: found /usr/bin/ranlib
configure:5893: result: ranlib
configure:5995: checking command to parse /usr/bin/nm -B output from gcc object
configure:6148: gcc -c -g -O2  conftest.c >&5
configure:6151: $? = 0
configure:6155: /usr/bin/nm -B conftest.o \| sed -n -e 's/^.*[ ]\([ABCDGIRSTW][ABCDGIRSTW]*\)[ ][ ]*\([_A-Za-z][_A-Za-z0-9]*\)$/\1 \2 \2/p' | sed '/ __gnu_lto/d' \> conftest.nm
configure:6158: $? = 0
configure:6224: gcc -o conftest -g -O2  -L/home/michael/Codes/lib conftest.c conftstm.o >&5
configure:6227: $? = 0
configure:6265: result: ok
configure:6312: checking for sysroot
configure:6342: result: no
configure:6349: checking for a working dd
configure:6387: result: /usr/bin/dd
configure:6391: checking how to truncate binary pipes
configure:6406: result: /usr/bin/dd bs=4096 count=1
configure:6542: gcc -c -g -O2  conftest.c >&5
configure:6545: $? = 0
configure:6735: checking for mt
configure:6751: found /bin/mt
configure:6762: result: mt
configure:6785: checking if mt is a manifest tool
configure:6791: mt '-?'
usage: mt [-v] [--version] [-h] [ -f device ] command [ count ]
default tape device: /dev/tape
configure:6799: result: no
configure:7476: checking how to run the C preprocessor
configure:7507: gcc -E  conftest.c
configure:7507: $? = 0
configure:7521: gcc -E  conftest.c
conftest.c:16:10: fatal error: ac_nonexistent.h: No such file or directory
   16 | #include <ac_nonexistent.h>
      |          ^~~~~~~~~~~~~~~~~~
compilation terminated.
configure:7521: $? = 1
configure: failed program was:
| /* confdefs.h */
| #define PACKAGE_NAME "blaswrap"
| #define PACKAGE_TARNAME "blaswrap"
| #define PACKAGE_VERSION "0.1"
| #define PACKAGE_STRING "blaswrap 0.1"
| #define PACKAGE_BUGREPORT ""
| #define PACKAGE_URL ""
| #define PACKAGE "blaswrap"
| #define VERSION "0.1"
| #define BLASWRAP_MAJOR_VERSION 0
| #define BLASWRAP_MINOR_VERSION 1
| #define BLASWRAP_MICRO_VERSION 1
| #define BLASWRAP_INTERFACE_AGE 0
| #define BLASWRAP_BINARY_AGE 0
| /* end confdefs.h.  */
| #include <ac_nonexistent.h>
configure:7546: result: gcc -E
configure:7566: gcc -E  conftest.c
configure:7566: $? = 0
configure:7580: gcc -E  conftest.c
conftest.c:16:10: fatal error: ac_nonexistent.h: No such file or directory
   16 | #include <ac_nonexistent.h>
      |          ^~~~~~~~~~~~~~~~~~
compilation terminated.
configure:7580: $? = 1
configure: failed program was:
| /* confdefs.h */
| #define PACKAGE_NAME "blaswrap"
| #define PACKAGE_TARNAME "blaswrap"
| #define PACKAGE_VERSION "0.1"
| #define PACKAGE_STRING "blaswrap 0.1"
| #define PACKAGE_BUGREPORT ""
| #define PACKAGE_URL ""
| #define PACKAGE "blaswrap"
| #define VERSION "0.1"
| #define BLASWRAP_MAJOR_VERSION 0
| #define BLASWRAP_MINOR_VERSION 1
| #define BLASWRAP_MICRO_VERSION 1
| #define BLASWRAP_INTERFACE_AGE 0
| #define BLASWRAP_BINARY_AGE 0
| /* end confdefs.h.  */
| #include <ac_nonexistent.h>
configure:7609: checking for ANSI C header files
configure:7629: gcc -c -g -O2  conftest.c >&5
configure:7629: $? = 0
configure:7702: gcc -o conftest -g -O2  -L/home/michael/Codes/lib conftest.c  >&5
configure:7702: $? = 0
configure:7702: ./conftest
configure:7702: $? = 0
configure:7713: result: yes
configure:7726: checking for sys/types.h
configure:7726: gcc -c -g -O2  conftest.c >&5
configure:7726: $? = 0
configure:7726: result: yes
configure:7726: checking for sys/stat.h
configure:7726: gcc -c -g -O2  conftest.c >&5
configure:7726: $? = 0
configure:7726: result: yes
configure:7726: checking for stdlib.h
configure:7726: gcc -c -g -O2  conftest.c >&5
configure:7726: $? = 0
configure:7726: result: yes
configure:7726: checking for string.h
configure:7726: gcc -c -g -O2  conftest.c >&5
configure:7726: $? = 0
configure:7726: result: yes
configure:7726: checking for memory.h
configure:7726: gcc -c -g -O2  conftest.c >&5
configure:7726: $? = 0
configure:7726: result: yes
configure:7726: checking for strings.h
configure:7726: gcc -c -g -O2  conftest.c >&5
configure:7726: $? = 0
configure:7726: result: yes
configure:7726: checking for inttypes.h
configure:7726: gcc -c -g -O2  conftest.c >&5
configure:7726: $? = 0
configure:7726: result: yes
configure:7726: checking for stdint.h
configure:7726: gcc -c -g -O2  conftest.c >&5
configure:7726: $? = 0
configure:7726: result: yes
configure:7726: checking for unistd.h
configure:7726: gcc -c -g -O2  conftest.c >&5
configure:7726: $? = 0
configure:7726: result: yes
configure:7740: checking for dlfcn.h
configure:7740: gcc -c -g -O2  conftest.c >&5
configure:7740: $? = 0
configure:7740: result: yes
configure:7996: checking for objdir
configure:8011: result: .libs
configure:8275: checking if gcc supports -fno-rtti -fno-exceptions
configure:8293: gcc -c -g -O2  -fno-rtti -fno-exceptions conftest.c >&5
cc1: warning: command-line option '-fno-rtti' is valid for C++/D/ObjC++ but not for C
configure:8297: $? = 0
configure:8310: result: no
configure:8668: checking for gcc option to produce PIC
configure:8675: result: -fPIC -DPIC
configure:8683: checking if gcc PIC flag -fPIC -DPIC works
configure:8701: gcc -c -g -O2  -fPIC -DPIC -DPIC conftest.c >&5
configure:8705: $? = 0
configure:8718: result: yes
configure:8747: checking if gcc static flag -static works
configure:8775: result: yes
configure:8790: checking if gcc supports -c -o file.o
configure:8811: gcc -c -g -O2  -o out/conftest2.o conftest.c >&5
configure:8815: $? = 0
configure:8837: result: yes
configure:8845: checking if gcc supports -c -o file.o
configure:8892: result: yes
configure:8925: checking whether the gcc linker (/usr/bin/ld -m elf_x86_64) supports shared libraries
configure:10184: result: yes
configure:10221: checking whether -lc should be explicitly linked in
configure:10229: gcc -c -g -O2  conftest.c >&5
configure:10232: $? = 0
configure:10247: gcc -shared  -fPIC -DPIC conftest.o  -v -Wl,-soname -Wl,conftest -o conftest 2\>\&1 \| /usr/bin/grep  -lc  \>/dev/null 2\>\&1
configure:10250: $? = 0
configure:10264: result: no
configure:10424: checking dynamic linker characteristics
configure:11005: gcc -o conftest -g -O2  -L/home/michael/Codes/lib -Wl,-rpath -Wl,/foo conftest.c  >&5
configure:11005: $? = 0
configure:11242: result: GNU/Linux ld.so
configure:11364: checking how to hardcode library paths into programs
configure:11389: result: immediate
configure:11937: checking whether stripping libraries is possible
configure:11942: result: yes
configure:11977: checking if libtool supports shared libraries
configure:11979: result: yes
configure:11982: checking whether to build shared libraries
configure:12007: result: yes
configure:12010: checking whether to build static libraries
configure:12014: result: yes
configure:12102: checking for gcc
configure:12129: result: gcc
configure:12358: checking for C compiler version
configure:12367: gcc --version >&5
gcc (GCC) 11.2.0
Copyright (C) 2021 Free Software Foundation, Inc.
This is free software; see the source for copying conditions.  There is NO
warranty; not even for MERCHANTABILITY or FITNESS FOR A PARTICULAR PURPOSE.

configure:12378: $? = 0
configure:12367: gcc -v >&5
Reading specs from /usr/lib64/gcc/x86_64-slackware-linux/11.2.0/specs
COLLECT_GCC=gcc
COLLECT_LTO_WRAPPER=/usr/libexec/gcc/x86_64-slackware-linux/11.2.0/lto-wrapper
Target: x86_64-slackware-linux
Configured with: ../configure --prefix=/usr --libdir=/usr/lib64 --mandir=/usr/man --infodir=/usr/info --enable-shared --enable-bootstrap --enable-languages=ada,brig,c,c++,d,fortran,go,lto,objc,obj-c++ --enable-threads=posix --enable-checking=release --enable-objc-gc --with-system-zlib --enable-libstdcxx-dual-abi --with-default-libstdcxx-abi=new --disable-libstdcxx-pch --disable-libunwind-exceptions --enable-__cxa_atexit --disable-libssp --enable-gnu-unique-object --enable-plugin --enable-lto --disable-install-libiberty --disable-werror --with-gnu-ld --with-isl --verbose --with-arch-directory=amd64 --disable-gtktest --enable-clocale=gnu --disable-multilib --target=x86_64-slackware-linux --build=x86_64-slackware-linux --host=x86_64-slackware-linux
Thread model: posix
Supported LTO compression algorithms: zlib zstd
gcc version 11.2.0 (GCC) 
configure:12378: $? = 0
configure:12367: gcc -V >&5
gcc: error: unrecognized command-line option '-V'
gcc: fatal error: no input files
compilation terminated.
configure:12378: $? = 1
configure:12367: gcc -qversion >&5
gcc: error: unrecognized command-line option '-qversion'; did you mean '--version'?
gcc: fatal error: no input files
compilation terminated.
configure:12378: $? = 1
configure:12382: checking whether we are using the GNU C compiler
configure:12410: result: yes
configure:12419: checking whether gcc accepts -g
configure:12480: result: yes
configure:12497: checking for gcc option to accept ISO C89
configure:12573: result: none needed
configure:12598: checking whether gcc understands -c and -o together
configure:12635: result: yes
configure:12654: checking dependency style of gcc
configure:12765: result: gcc3
configure:12790: checking for gawk
configure:12817: result: gawk
configure:12828: checking for library containing strerror
configure:12859: gcc -o conftest -g -O2 -Wall -Werror-implicit-function-declaration -Wstrict-prototypes -Wmissing-prototypes -Wmissing-declarations  -L/home/michael/Codes/lib conftest.c  >&5
conftest.c:35:1: warning: function declaration isn't a prototype [-Wstrict-prototypes]
   35 | char strerror ();
      | ^~~~
conftest.c:37:1: warning: function declaration isn't a prototype [-Wstrict-prototypes]
   37 | main ()
      | ^~~~
configure:12859: $? = 0
configure:12876: result: none required
configure:12884: checking for ANSI C header files
configure:12988: result: yes
configure:13085: checking for pkg-config
configure:13103: found /usr/bin/pkg-config
configure:13115: result: /usr/bin/pkg-config
configure:13140: checking pkg-config is at least version 0.16
configure:13143: result: yes
configure:13161: checking for glib-2.0 >= 2.4.0 gthread-2.0 gmodule-2.0
configure:13168: $PKG_CONFIG --exists --print-errors "$pkg_config_args"
configure:13171: $? = 0
configure:13185: $PKG_CONFIG --exists --print-errors "$pkg_config_args"
configure:13188: $? = 0
configure:13226: result: yes
configure:13236: $PKG_CONFIG --exists --print-errors "glib-2.0"
configure:13239: $? = 0
configure:13259: $PKG_CONFIG --exists --print-errors "glib-2.0"
configure:13262: $? = 0
configure:13282: $PKG_CONFIG --exists --print-errors "glib-2.0"
configure:13285: $? = 0
configure:13305: $PKG_CONFIG --exists --print-errors "gio-2.0"
configure:13308: $? = 0
configure:13324: checking for GLIB - version >= 2.4.0
configure:13429: gcc -o conftest -g -O2 -Wall -Werror-implicit-function-declaration -Wstrict-prototypes -Wmissing-prototypes -Wmissing-declarations -pthread -I/usr/include/glib-2.0 -I/usr/lib64/glib-2.0/include  -L/home/michael/Codes/lib conftest.c -lgthread-2.0 -pthread -Wl,--export-dynamic -lgmodule-2.0 -pthread -lglib-2.0  >&5
configure:13429: $? = 0
configure:13429: ./conftest
configure:13429: $? = 0
configure:13443: result: yes (version 2.70.3)
configure:13847: checking for blis
configure:13854: $PKG_CONFIG --exists --print-errors "blis"
configure:13857: $? = 0
configure:13871: $PKG_CONFIG --exists --print-errors "blis"
configure:13874: $? = 0
configure:13912: result: yes
configure:13917: checking for cos in -lm
configure:13942: gcc -o conftest -g -O2 -Wall -Werror-implicit-function-declaration -Wstrict-prototypes -Wmissing-prototypes -Wmissing-declarations  -L/home/michael/Codes/lib conftest.c -lm   >&5
conftest.c:36:1: warning: function declaration isn't a prototype [-Wstrict-prototypes]
   36 | char cos ();
      | ^~~~
conftest.c:36:6: warning: conflicting types for built-in function 'cos'; expected 'double(double)' [-Wbuiltin-declaration-mismatch]
   36 | char cos ();
      |      ^~~
conftest.c:1:1: note: 'cos' is declared in header '<math.h>'
    1 | /* confdefs.h */
conftest.c:38:1: warning: function declaration isn't a prototype [-Wstrict-prototypes]
   38 | main ()
      | ^~~~
configure:13942: $? = 0
configure:13951: result: yes
configure:14015: checking for g77
configure:14031: found /usr/bin/g77
configure:14042: result: g77
configure:14068: checking for Fortran 77 compiler version
configure:14077: g77 --version >&5
GNU Fortran (GCC) 11.2.0
Copyright (C) 2021 Free Software Foundation, Inc.
This is free software; see the source for copying conditions.  There is NO
warranty; not even for MERCHANTABILITY or FITNESS FOR A PARTICULAR PURPOSE.

configure:14088: $? = 0
configure:14077: g77 -v >&5
Reading specs from /usr/lib64/gcc/x86_64-slackware-linux/11.2.0/specs
COLLECT_GCC=g77
COLLECT_LTO_WRAPPER=/usr/libexec/gcc/x86_64-slackware-linux/11.2.0/lto-wrapper
Target: x86_64-slackware-linux
Configured with: ../configure --prefix=/usr --libdir=/usr/lib64 --mandir=/usr/man --infodir=/usr/info --enable-shared --enable-bootstrap --enable-languages=ada,brig,c,c++,d,fortran,go,lto,objc,obj-c++ --enable-threads=posix --enable-checking=release --enable-objc-gc --with-system-zlib --enable-libstdcxx-dual-abi --with-default-libstdcxx-abi=new --disable-libstdcxx-pch --disable-libunwind-exceptions --enable-__cxa_atexit --disable-libssp --enable-gnu-unique-object --enable-plugin --enable-lto --disable-install-libiberty --disable-werror --with-gnu-ld --with-isl --verbose --with-arch-directory=amd64 --disable-gtktest --enable-clocale=gnu --disable-multilib --target=x86_64-slackware-linux --build=x86_64-slackware-linux --host=x86_64-slackware-linux
Thread model: posix
Supported LTO compression algorithms: zlib zstd
gcc version 11.2.0 (GCC) 
configure:14088: $? = 0
configure:14077: g77 -V >&5
g77: error: unrecognized command-line option '-V'
g77: fatal error: no input files
compilation terminated.
configure:14088: $? = 1
configure:14077: g77 -qversion >&5
g77: error: unrecognized command-line option '-qversion'; did you mean '--version'?
g77: fatal error: no input files
compilation terminated.
configure:14088: $? = 1
configure:14097: checking whether we are using the GNU Fortran 77 compiler
configure:14110: g77 -c  conftest.F >&5
configure:14110: $? = 0
configure:14119: result: yes
configure:14125: checking whether g77 accepts -g
configure:14136: g77 -c -g conftest.f >&5
configure:14136: $? = 0
configure:14144: result: yes
configure:14273: checking if libtool supports shared libraries
configure:14275: result: yes
configure:14278: checking whether to build shared libraries
configure:14302: result: yes
configure:14305: checking whether to build static libraries
configure:14309: result: yes
configure:14661: checking for g77 option to produce PIC
configure:14668: result: -fPIC
configure:14676: checking if g77 PIC flag -fPIC works
configure:14694: g77 -c -g -O2 -fPIC conftest.f >&5
configure:14698: $? = 0
configure:14711: result: yes
configure:14734: checking if g77 static flag -static works
configure:14762: result: yes
configure:14774: checking if g77 supports -c -o file.o
configure:14795: g77 -c -g -O2 -o out/conftest2.o conftest.f >&5
configure:14799: $? = 0
configure:14821: result: yes
configure:14826: checking if g77 supports -c -o file.o
configure:14873: result: yes
configure:14903: checking whether the g77 linker (/usr/bin/ld -m elf_x86_64) supports shared libraries
configure:16112: result: yes
configure:16253: checking dynamic linker characteristics
configure:16992: result: GNU/Linux ld.so
configure:17057: checking how to hardcode library paths into programs
configure:17082: result: immediate
configure:17119: checking how to get verbose linking output from g77
configure:17129: g77 -c -g -O2 conftest.f >&5
configure:17129: $? = 0
configure:17147: g77 -o conftest -g -O2 -v -L/home/michael/Codes/lib conftest.f -lm
Reading specs from /usr/lib64/gcc/x86_64-slackware-linux/11.2.0/specs
Target: x86_64-slackware-linux
Thread model: posix
Supported LTO compression algorithms: zlib zstd
gcc version 11.2.0 (GCC) 
 /usr/libexec/gcc/x86_64-slackware-linux/11.2.0/f951 conftest.f -ffixed-form -quiet -dumpbase conftest.f -dumpbase-ext .f -mtune=generic -march=x86-64 -g -O2 -version -fintrinsic-modules-path /usr/lib64/gcc/x86_64-slackware-linux/11.2.0/finclude -fpre-include=/usr/include/finclude/math-vector-fortran.h -o /tmp/cchWcgbd.s
GNU Fortran (GCC) version 11.2.0 (x86_64-slackware-linux)
	compiled by GNU C version 11.2.0, GMP version 6.2.1, MPFR version 4.1.0, MPC version 1.2.1, isl version isl-0.24-GMP

GGC heuristics: --param ggc-min-expand=100 --param ggc-min-heapsize=131072
GNU Fortran2008 (GCC) version 11.2.0 (x86_64-slackware-linux)
	compiled by GNU C version 11.2.0, GMP version 6.2.1, MPFR version 4.1.0, MPC version 1.2.1, isl version isl-0.24-GMP

GGC heuristics: --param ggc-min-expand=100 --param ggc-min-heapsize=131072
 as -v --gdwarf-5 --64 -o /tmp/ccfC7rYt.o /tmp/cchWcgbd.s
GNU assembler version 2.37 (x86_64-slackware-linux) using BFD version version 2.37-slack15
Reading specs from /usr/lib64/gcc/x86_64-slackware-linux/11.2.0/../../../../lib64/libgfortran.spec
rename spec lib to liborig
 /usr/libexec/gcc/x86_64-slackware-linux/11.2.0/collect2 -plugin /usr/libexec/gcc/x86_64-slackware-linux/11.2.0/liblto_plugin.so -plugin-opt=/usr/libexec/gcc/x86_64-slackware-linux/11.2.0/lto-wrapper -plugin-opt=-fresolution=/tmp/ccdWoAzb.res -plugin-opt=-pass-through=-lgcc_s -plugin-opt=-pass-through=-lgcc -plugin-opt=-pass-through=-lquadmath -plugin-opt=-pass-through=-lm -plugin-opt=-pass-through=-lgcc_s -plugin-opt=-pass-through=-lgcc -plugin-opt=-pass-through=-lc -plugin-opt=-pass-through=-lgcc_s -plugin-opt=-pass-through=-lgcc --eh-frame-hdr -m elf_x86_64 -dynamic-linker /lib64/ld-linux-x86-64.so.2 -o conftest /usr/lib64/gcc/x86_64-slackware-linux/11.2.0/../../../../lib64/crt1.o /usr/lib64/gcc/x86_64-slackware-linux/11.2.0/../../../../lib64/crti.o /usr/lib64/gcc/x86_64-slackware-linux/11.2.0/crtbegin.o -L/home/michael/Codes/lib -L/usr/lib64/gcc/x86_64-slackware-linux/11.2.0 -L/usr/lib64/gcc/x86_64-slackware-linux/11.2.0/../../../../lib64 -L/lib/../lib64 -L/usr/lib/../lib64 -L/usr/lib64/gcc/x86_64-slackware-linux/11.2.0/../../.. /tmp/ccfC7rYt.o -lgfortran -lm -lgfortran -lm -lgcc_s -lgcc -lquadmath -lm -lgcc_s -lgcc -lc -lgcc_s -lgcc /usr/lib64/gcc/x86_64-slackware-linux/11.2.0/crtend.o /usr/lib64/gcc/x86_64-slackware-linux/11.2.0/../../../../lib64/crtn.o
configure:17230: result: -v
configure:17232: checking for Fortran 77 libraries of g77
configure:17255: g77 -o conftest -g -O2 -v -L/home/michael/Codes/lib conftest.f -lm
Reading specs from /usr/lib64/gcc/x86_64-slackware-linux/11.2.0/specs
Target: x86_64-slackware-linux
Thread model: posix
Supported LTO compression algorithms: zlib zstd
gcc version 11.2.0 (GCC) 
 /usr/libexec/gcc/x86_64-slackware-linux/11.2.0/f951 conftest.f -ffixed-form -quiet -dumpbase conftest.f -dumpbase-ext .f -mtune=generic -march=x86-64 -g -O2 -version -fintrinsic-modules-path /usr/lib64/gcc/x86_64-slackware-linux/11.2.0/finclude -fpre-include=/usr/include/finclude/math-vector-fortran.h -o /tmp/cckYTz7O.s
GNU Fortran (GCC) version 11.2.0 (x86_64-slackware-linux)
	compiled by GNU C version 11.2.0, GMP version 6.2.1, MPFR version 4.1.0, MPC version 1.2.1, isl version isl-0.24-GMP

GGC heuristics: --param ggc-min-expand=100 --param ggc-min-heapsize=131072
GNU Fortran2008 (GCC) version 11.2.0 (x86_64-slackware-linux)
	compiled by GNU C version 11.2.0, GMP version 6.2.1, MPFR version 4.1.0, MPC version 1.2.1, isl version isl-0.24-GMP

GGC heuristics: --param ggc-min-expand=100 --param ggc-min-heapsize=131072
 as -v --gdwarf-5 --64 -o /tmp/cc57EXmI.o /tmp/cckYTz7O.s
GNU assembler version 2.37 (x86_64-slackware-linux) using BFD version version 2.37-slack15
Reading specs from /usr/lib64/gcc/x86_64-slackware-linux/11.2.0/../../../../lib64/libgfortran.spec
rename spec lib to liborig
 /usr/libexec/gcc/x86_64-slackware-linux/11.2.0/collect2 -plugin /usr/libexec/gcc/x86_64-slackware-linux/11.2.0/liblto_plugin.so -plugin-opt=/usr/libexec/gcc/x86_64-slackware-linux/11.2.0/lto-wrapper -plugin-opt=-fresolution=/tmp/ccYW4vdw.res -plugin-opt=-pass-through=-lgcc_s -plugin-opt=-pass-through=-lgcc -plugin-opt=-pass-through=-lquadmath -plugin-opt=-pass-through=-lm -plugin-opt=-pass-through=-lgcc_s -plugin-opt=-pass-through=-lgcc -plugin-opt=-pass-through=-lc -plugin-opt=-pass-through=-lgcc_s -plugin-opt=-pass-through=-lgcc --eh-frame-hdr -m elf_x86_64 -dynamic-linker /lib64/ld-linux-x86-64.so.2 -o conftest /usr/lib64/gcc/x86_64-slackware-linux/11.2.0/../../../../lib64/crt1.o /usr/lib64/gcc/x86_64-slackware-linux/11.2.0/../../../../lib64/crti.o /usr/lib64/gcc/x86_64-slackware-linux/11.2.0/crtbegin.o -L/home/michael/Codes/lib -L/usr/lib64/gcc/x86_64-slackware-linux/11.2.0 -L/usr/lib64/gcc/x86_64-slackware-linux/11.2.0/../../../../lib64 -L/lib/../lib64 -L/usr/lib/../lib64 -L/usr/lib64/gcc/x86_64-slackware-linux/11.2.0/../../.. /tmp/cc57EXmI.o -lgfortran -lm -lgfortran -lm -lgcc_s -lgcc -lquadmath -lm -lgcc_s -lgcc -lc -lgcc_s -lgcc /usr/lib64/gcc/x86_64-slackware-linux/11.2.0/crtend.o /usr/lib64/gcc/x86_64-slackware-linux/11.2.0/../../../../lib64/crtn.o
configure:17451: result:  -L/home/michael/Codes/lib -L/usr/lib64/gcc/x86_64-slackware-linux/11.2.0 -L/usr/lib64/gcc/x86_64-slackware-linux/11.2.0/../../../../lib64 -L/lib/../lib64 -L/usr/lib/../lib64 -L/usr/lib64/gcc/x86_64-slackware-linux/11.2.0/../../.. -lgfortran -lm -lquadmath
configure:17467: checking for dummy main to link with Fortran 77 libraries
configure:17501: gcc -o conftest -g -O2 -Wall -Werror-implicit-function-declaration -Wstrict-prototypes -Wmissing-prototypes -Wmissing-declarations  -L/home/michael/Codes/lib conftest.c -lm   -L/home/michael/Codes/lib -L/usr/lib64/gcc/x86_64-slackware-linux/11.2.0 -L/usr/lib64/gcc/x86_64-slackware-linux/11.2.0/../../../../lib64 -L/lib/../lib64 -L/usr/lib/../lib64 -L/usr/lib64/gcc/x86_64-slackware-linux/11.2.0/../../.. -lgfortran -lm -lquadmath >&5
conftest.c:40:1: warning: function declaration isn't a prototype [-Wstrict-prototypes]
   40 | main ()
      | ^~~~
configure:17501: $? = 0
configure:17546: result: none
configure:17579: checking for Fortran 77 name-mangling scheme
configure:17592: g77 -c -g -O2 conftest.f >&5
configure:17592: $? = 0
configure:17633: gcc -o conftest -g -O2 -Wall -Werror-implicit-function-declaration -Wstrict-prototypes -Wmissing-prototypes -Wmissing-declarations  -L/home/michael/Codes/lib conftest.c cfortran_test.o -lm   -L/home/michael/Codes/lib -L/usr/lib64/gcc/x86_64-slackware-linux/11.2.0 -L/usr/lib64/gcc/x86_64-slackware-linux/11.2.0/../../../../lib64 -L/lib/../lib64 -L/usr/lib/../lib64 -L/usr/lib64/gcc/x86_64-slackware-linux/11.2.0/../../.. -lgfortran -lm -lquadmath >&5
conftest.c:37:1: warning: function declaration isn't a prototype [-Wstrict-prototypes]
   37 | char foobar ();
      | ^~~~
conftest.c:47:1: warning: function declaration isn't a prototype [-Wstrict-prototypes]
   47 | main ()
      | ^~~~
/usr/bin/ld: /tmp/ccFc9yRS.o: in function `main':
/home/michael/Codes/Libraries/blaswrap/conftest.c:49: undefined reference to `foobar'
collect2: error: ld returned 1 exit status
configure:17633: $? = 1
configure: failed program was:
| /* confdefs.h */
| #define PACKAGE_NAME "blaswrap"
| #define PACKAGE_TARNAME "blaswrap"
| #define PACKAGE_VERSION "0.1"
| #define PACKAGE_STRING "blaswrap 0.1"
| #define PACKAGE_BUGREPORT ""
| #define PACKAGE_URL ""
| #define PACKAGE "blaswrap"
| #define VERSION "0.1"
| #define BLASWRAP_MAJOR_VERSION 0
| #define BLASWRAP_MINOR_VERSION 1
| #define BLASWRAP_MICRO_VERSION 1
| #define BLASWRAP_INTERFACE_AGE 0
| #define BLASWRAP_BINARY_AGE 0
| #define STDC_HEADERS 1
| #define HAVE_SYS_TYPES_H 1
| #define HAVE_SYS_STAT_H 1
| #define HAVE_STDLIB_H 1
| #define HAVE_STRING_H 1
| #define HAVE_MEMORY_H 1
| #define HAVE_STRINGS_H 1
| #define HAVE_INTTYPES_H 1
| #define HAVE_STDINT_H 1
| #define HAVE_UNISTD_H 1
| #define HAVE_DLFCN_H 1
| #define LT_OBJDIR ".libs/"
| #define STDC_HEADERS 1
| #define HAVE_LIBM 1
| /* end confdefs.h.  */
| 
| /* Override any GCC internal prototype to avoid an error.
|    Use char because int might match the return type of a GCC
|    builtin and then its argument prototype would still apply.  */
| #ifdef __cplusplus
| extern "C"
| #endif
| char foobar ();
| #ifdef F77_DUMMY_MAIN
| 
| #  ifdef __cplusplus
|      extern "C"
| #  endif
|    int F77_DUMMY_MAIN() { return 1; }
| 
| #endif
| int
| main ()
| {
| return foobar ();
|   ;
|   return 0;
| }
configure:17633: gcc -o conftest -g -O2 -Wall -Werror-implicit-function-declaration -Wstrict-prototypes -Wmissing-prototypes -Wmissing-declarations  -L/home/michael/Codes/lib conftest.c cfortran_test.o -lm   -L/home/michael/Codes/lib -L/usr/lib64/gcc/x86_64-slackware-linux/11.2.0 -L/usr/lib64/gcc/x86_64-slackware-linux/11.2.0/../../../../lib64 -L/lib/../lib64 -L/usr/lib/../lib64 -L/usr/lib64/gcc/x86_64-slackware-linux/11.2.0/../../.. -lgfortran -lm -lquadmath >&5
conftest.c:37:1: warning: function declaration isn't a prototype [-Wstrict-prototypes]
   37 | char foobar_ ();
      | ^~~~
conftest.c:47:1: warning: function declaration isn't a prototype [-Wstrict-prototypes]
   47 | main ()
      | ^~~~
configure:17633: $? = 0
configure:17691: gcc -o conftest -g -O2 -Wall -Werror-implicit-function-declaration -Wstrict-prototypes -Wmissing-prototypes -Wmissing-declarations  -L/home/michael/Codes/lib conftest.c cfortran_test.o -lm   -L/home/michael/Codes/lib -L/usr/lib64/gcc/x86_64-slackware-linux/11.2.0 -L/usr/lib64/gcc/x86_64-slackware-linux/11.2.0/../../../../lib64 -L/lib/../lib64 -L/usr/lib/../lib64 -L/usr/lib64/gcc/x86_64-slackware-linux/11.2.0/../../.. -lgfortran -lm -lquadmath >&5
conftest.c:37:1: warning: function declaration isn't a prototype [-Wstrict-prototypes]
   37 | char foo_bar_ ();
      | ^~~~
conftest.c:47:1: warning: function declaration isn't a prototype [-Wstrict-prototypes]
   47 | main ()
      | ^~~~
configure:17691: $? = 0
configure:17733: result: lower case, underscore, no extra underscore
configure:17921: checking for sgemm_
configure:17921: gcc -o conftest -g -O2 -Wall -Werror-implicit-function-declaration -Wstrict-prototypes -Wmissing-prototypes -Wmissing-declarations  -L/home/michael/Codes/lib conftest.c -lm   -L/home/michael/Codes/lib -L/usr/lib64/gcc/x86_64-slackware-linux/11.2.0 -L/usr/lib64/gcc/x86_64-slackware-linux/11.2.0/../../../../lib64 -L/lib/../lib64 -L/usr/lib/../lib64 -L/usr/lib64/gcc/x86_64-slackware-linux/11.2.0/../../.. -lgfortran -lm -lquadmath >&5
conftest.c:55:1: warning: function declaration isn't a prototype [-Wstrict-prototypes]
   55 | char sgemm_ ();
      | ^~~~
conftest.c:64:1: warning: function declaration isn't a prototype [-Wstrict-prototypes]
   64 | main ()
      | ^~~~
/usr/bin/ld: /tmp/ccIIMPzp.o: in function `main':
/home/michael/Codes/Libraries/blaswrap/conftest.c:66: undefined reference to `sgemm_'
collect2: error: ld returned 1 exit status
configure:17921: $? = 1
configure: failed program was:
| /* confdefs.h */
| #define PACKAGE_NAME "blaswrap"
| #define PACKAGE_TARNAME "blaswrap"
| #define PACKAGE_VERSION "0.1"
| #define PACKAGE_STRING "blaswrap 0.1"
| #define PACKAGE_BUGREPORT ""
| #define PACKAGE_URL ""
| #define PACKAGE "blaswrap"
| #define VERSION "0.1"
| #define BLASWRAP_MAJOR_VERSION 0
| #define BLASWRAP_MINOR_VERSION 1
| #define BLASWRAP_MICRO_VERSION 1
| #define BLASWRAP_INTERFACE_AGE 0
| #define BLASWRAP_BINARY_AGE 0
| #define STDC_HEADERS 1
| #define HAVE_SYS_TYPES_H 1
| #define HAVE_SYS_STAT_H 1
| #define HAVE_STDLIB_H 1
| #define HAVE_STRING_H 1
| #define HAVE_MEMORY_H 1
| #define HAVE_STRINGS_H 1
| #define HAVE_INTTYPES_H 1
| #define HAVE_STDINT_H 1
| #define HAVE_UNISTD_H 1
| #define HAVE_DLFCN_H 1
| #define LT_OBJDIR ".libs/"
| #define STDC_HEADERS 1
| #define HAVE_LIBM 1
| #define F77_FUNC(name,NAME) name ## _
| #define F77_FUNC_(name,NAME) name ## _
| /* end confdefs.h.  */
| /* Define sgemm_ to an innocuous variant, in case <limits.h> declares sgemm_.
|    For example, HP-UX 11i <limits.h> declares gettimeofday.  */
| #define sgemm_ innocuous_sgemm_
| 
| /* System header to define __stub macros and hopefully few prototypes,
|     which can conflict with char sgemm_ (); below.
|     Prefer <limits.h> to <assert.h> if __STDC__ is defined, since
|     <limits.h> exists even on freestanding compilers.  */
| 
| #ifdef __STDC__
| # include <limits.h>
| #else
| # include <assert.h>
| #endif
| 
| #undef sgemm_
| 
| /* Override any GCC internal prototype to avoid an error.
|    Use char because int might match the return type of a GCC
|    builtin and then its argument prototype would still apply.  */
| #ifdef __cplusplus
| extern "C"
| #endif
| char sgemm_ ();
| /* The GNU C library defines this for functions which it implements
|     to always fail with ENOSYS.  Some functions are actually named
|     something starting with __ and the normal name is an alias.  */
| #if defined __stub_sgemm_ || defined __stub___sgemm_
| choke me
| #endif
| 
| int
| main ()
| {
| return sgemm_ ();
|   ;
|   return 0;
| }
configure:17921: result: no
configure:17931: checking for ATL_xerbla in -latlas
configure:17964: gcc -o conftest -g -O2 -Wall -Werror-implicit-function-declaration -Wstrict-prototypes -Wmissing-prototypes -Wmissing-declarations  -L/home/michael/Codes/lib conftest.c -latlas  -lm   -L/home/michael/Codes/lib -L/usr/lib64/gcc/x86_64-slackware-linux/11.2.0 -L/usr/lib64/gcc/x86_64-slackware-linux/11.2.0/../../../../lib64 -L/lib/../lib64 -L/usr/lib/../lib64 -L/usr/lib64/gcc/x86_64-slackware-linux/11.2.0/../../.. -lgfortran -lm -lquadmath >&5
conftest.c:39:1: warning: function declaration isn't a prototype [-Wstrict-prototypes]
   39 | char ATL_xerbla ();
      | ^~~~
conftest.c:49:1: warning: function declaration isn't a prototype [-Wstrict-prototypes]
   49 | main ()
      | ^~~~
/usr/bin/ld: cannot find -latlas
collect2: error: ld returned 1 exit status
configure:17964: $? = 1
configure: failed program was:
| /* confdefs.h */
| #define PACKAGE_NAME "blaswrap"
| #define PACKAGE_TARNAME "blaswrap"
| #define PACKAGE_VERSION "0.1"
| #define PACKAGE_STRING "blaswrap 0.1"
| #define PACKAGE_BUGREPORT ""
| #define PACKAGE_URL ""
| #define PACKAGE "blaswrap"
| #define VERSION "0.1"
| #define BLASWRAP_MAJOR_VERSION 0
| #define BLASWRAP_MINOR_VERSION 1
| #define BLASWRAP_MICRO_VERSION 1
| #define BLASWRAP_INTERFACE_AGE 0
| #define BLASWRAP_BINARY_AGE 0
| #define STDC_HEADERS 1
| #define HAVE_SYS_TYPES_H 1
| #define HAVE_SYS_STAT_H 1
| #define HAVE_STDLIB_H 1
| #define HAVE_STRING_H 1
| #define HAVE_MEMORY_H 1
| #define HAVE_STRINGS_H 1
| #define HAVE_INTTYPES_H 1
| #define HAVE_STDINT_H 1
| #define HAVE_UNISTD_H 1
| #define HAVE_DLFCN_H 1
| #define LT_OBJDIR ".libs/"
| #define STDC_HEADERS 1
| #define HAVE_LIBM 1
| #define F77_FUNC(name,NAME) name ## _
| #define F77_FUNC_(name,NAME) name ## _
| /* end confdefs.h.  */
| 
| /* Override any GCC internal prototype to avoid an error.
|    Use char because int might match the return type of a GCC
|    builtin and then its argument prototype would still apply.  */
| #ifdef __cplusplus
| extern "C"
| #endif
| char ATL_xerbla ();
| #ifdef F77_DUMMY_MAIN
| 
| #  ifdef __cplusplus
|      extern "C"
| #  endif
|    int F77_DUMMY_MAIN() { return 1; }
| 
| #endif
| int
| main ()
| {
| return ATL_xerbla ();
|   ;
|   return 0;
| }
configure:17973: result: no
configure:18083: checking for sgemm_ in -Wl,-framework -Wl,vecLib
configure:18111: gcc -o conftest -g -O2 -Wall -Werror-implicit-function-declaration -Wstrict-prototypes -Wmissing-prototypes -Wmissing-declarations  -L/home/michael/Codes/lib conftest.c -Wl,-framework -Wl,vecLib -lm   -L/home/michael/Codes/lib -L/usr/lib64/gcc/x86_64-slackware-linux/11.2.0 -L/usr/lib64/gcc/x86_64-slackware-linux/11.2.0/../../../../lib64 -L/lib/../lib64 -L/usr/lib/../lib64 -L/usr/lib64/gcc/x86_64-slackware-linux/11.2.0/../../.. -lgfortran -lm -lquadmath >&5
conftest.c:39:1: warning: function declaration isn't a prototype [-Wstrict-prototypes]
   39 | char sgemm_ ();
      | ^~~~
conftest.c:49:1: warning: function declaration isn't a prototype [-Wstrict-prototypes]
   49 | main ()
      | ^~~~
/usr/bin/ld: -f may not be used without -shared
collect2: error: ld returned 1 exit status
configure:18111: $? = 1
configure: failed program was:
| /* confdefs.h */
| #define PACKAGE_NAME "blaswrap"
| #define PACKAGE_TARNAME "blaswrap"
| #define PACKAGE_VERSION "0.1"
| #define PACKAGE_STRING "blaswrap 0.1"
| #define PACKAGE_BUGREPORT ""
| #define PACKAGE_URL ""
| #define PACKAGE "blaswrap"
| #define VERSION "0.1"
| #define BLASWRAP_MAJOR_VERSION 0
| #define BLASWRAP_MINOR_VERSION 1
| #define BLASWRAP_MICRO_VERSION 1
| #define BLASWRAP_INTERFACE_AGE 0
| #define BLASWRAP_BINARY_AGE 0
| #define STDC_HEADERS 1
| #define HAVE_SYS_TYPES_H 1
| #define HAVE_SYS_STAT_H 1
| #define HAVE_STDLIB_H 1
| #define HAVE_STRING_H 1
| #define HAVE_MEMORY_H 1
| #define HAVE_STRINGS_H 1
| #define HAVE_INTTYPES_H 1
| #define HAVE_STDINT_H 1
| #define HAVE_UNISTD_H 1
| #define HAVE_DLFCN_H 1
| #define LT_OBJDIR ".libs/"
| #define STDC_HEADERS 1
| #define HAVE_LIBM 1
| #define F77_FUNC(name,NAME) name ## _
| #define F77_FUNC_(name,NAME) name ## _
| /* end confdefs.h.  */
| 
| /* Override any GCC internal prototype to avoid an error.
|    Use char because int might match the return type of a GCC
|    builtin and then its argument prototype would still apply.  */
| #ifdef __cplusplus
| extern "C"
| #endif
| char sgemm_ ();
| #ifdef F77_DUMMY_MAIN
| 
| #  ifdef __cplusplus
|      extern "C"
| #  endif
|    int F77_DUMMY_MAIN() { return 1; }
| 
| #endif
| int
| main ()
| {
| return sgemm_ ();
|   ;
|   return 0;
| }
configure:18118: result: no
configure:18126: checking for sgemm_ in -lblas
configure:18159: gcc -o conftest -g -O2 -Wall -Werror-implicit-function-declaration -Wstrict-prototypes -Wmissing-prototypes -Wmissing-declarations  -L/home/michael/Codes/lib conftest.c -lblas  -lm   -L/home/michael/Codes/lib -L/usr/lib64/gcc/x86_64-slackware-linux/11.2.0 -L/usr/lib64/gcc/x86_64-slackware-linux/11.2.0/../../../../lib64 -L/lib/../lib64 -L/usr/lib/../lib64 -L/usr/lib64/gcc/x86_64-slackware-linux/11.2.0/../../.. -lgfortran -lm -lquadmath >&5
conftest.c:39:1: warning: function declaration isn't a prototype [-Wstrict-prototypes]
   39 | char sgemm_ ();
      | ^~~~
conftest.c:49:1: warning: function declaration isn't a prototype [-Wstrict-prototypes]
   49 | main ()
      | ^~~~
configure:18159: $? = 0
configure:18169: result: yes
configure:18173: checking for dgemm_ in -ldgemm
configure:18206: gcc -o conftest -g -O2 -Wall -Werror-implicit-function-declaration -Wstrict-prototypes -Wmissing-prototypes -Wmissing-declarations  -L/home/michael/Codes/lib conftest.c -ldgemm -lblas -lm   -L/home/michael/Codes/lib -L/usr/lib64/gcc/x86_64-slackware-linux/11.2.0 -L/usr/lib64/gcc/x86_64-slackware-linux/11.2.0/../../../../lib64 -L/lib/../lib64 -L/usr/lib/../lib64 -L/usr/lib64/gcc/x86_64-slackware-linux/11.2.0/../../.. -lgfortran -lm -lquadmath >&5
conftest.c:39:1: warning: function declaration isn't a prototype [-Wstrict-prototypes]
   39 | char dgemm_ ();
      | ^~~~
conftest.c:49:1: warning: function declaration isn't a prototype [-Wstrict-prototypes]
   49 | main ()
      | ^~~~
/usr/bin/ld: cannot find -ldgemm
collect2: error: ld returned 1 exit status
configure:18206: $? = 1
configure: failed program was:
| /* confdefs.h */
| #define PACKAGE_NAME "blaswrap"
| #define PACKAGE_TARNAME "blaswrap"
| #define PACKAGE_VERSION "0.1"
| #define PACKAGE_STRING "blaswrap 0.1"
| #define PACKAGE_BUGREPORT ""
| #define PACKAGE_URL ""
| #define PACKAGE "blaswrap"
| #define VERSION "0.1"
| #define BLASWRAP_MAJOR_VERSION 0
| #define BLASWRAP_MINOR_VERSION 1
| #define BLASWRAP_MICRO_VERSION 1
| #define BLASWRAP_INTERFACE_AGE 0
| #define BLASWRAP_BINARY_AGE 0
| #define STDC_HEADERS 1
| #define HAVE_SYS_TYPES_H 1
| #define HAVE_SYS_STAT_H 1
| #define HAVE_STDLIB_H 1
| #define HAVE_STRING_H 1
| #define HAVE_MEMORY_H 1
| #define HAVE_STRINGS_H 1
| #define HAVE_INTTYPES_H 1
| #define HAVE_STDINT_H 1
| #define HAVE_UNISTD_H 1
| #define HAVE_DLFCN_H 1
| #define LT_OBJDIR ".libs/"
| #define STDC_HEADERS 1
| #define HAVE_LIBM 1
| #define F77_FUNC(name,NAME) name ## _
| #define F77_FUNC_(name,NAME) name ## _
| /* end confdefs.h.  */
| 
| /* Override any GCC internal prototype to avoid an error.
|    Use char because int might match the return type of a GCC
|    builtin and then its argument prototype would still apply.  */
| #ifdef __cplusplus
| extern "C"
| #endif
| char dgemm_ ();
| #ifdef F77_DUMMY_MAIN
| 
| #  ifdef __cplusplus
|      extern "C"
| #  endif
|    int F77_DUMMY_MAIN() { return 1; }
| 
| #endif
| int
| main ()
| {
| return dgemm_ ();
|   ;
|   return 0;
| }
configure:18216: result: no
configure:18278: checking for sgemm_ in -lcxml
configure:18311: gcc -o conftest -g -O2 -Wall -Werror-implicit-function-declaration -Wstrict-prototypes -Wmissing-prototypes -Wmissing-declarations  -L/home/michael/Codes/lib conftest.c -lcxml  -lm   -L/home/michael/Codes/lib -L/usr/lib64/gcc/x86_64-slackware-linux/11.2.0 -L/usr/lib64/gcc/x86_64-slackware-linux/11.2.0/../../../../lib64 -L/lib/../lib64 -L/usr/lib/../lib64 -L/usr/lib64/gcc/x86_64-slackware-linux/11.2.0/../../.. -lgfortran -lm -lquadmath >&5
conftest.c:39:1: warning: function declaration isn't a prototype [-Wstrict-prototypes]
   39 | char sgemm_ ();
      | ^~~~
conftest.c:49:1: warning: function declaration isn't a prototype [-Wstrict-prototypes]
   49 | main ()
      | ^~~~
/usr/bin/ld: cannot find -lcxml
collect2: error: ld returned 1 exit status
configure:18311: $? = 1
configure: failed program was:
| /* confdefs.h */
| #define PACKAGE_NAME "blaswrap"
| #define PACKAGE_TARNAME "blaswrap"
| #define PACKAGE_VERSION "0.1"
| #define PACKAGE_STRING "blaswrap 0.1"
| #define PACKAGE_BUGREPORT ""
| #define PACKAGE_URL ""
| #define PACKAGE "blaswrap"
| #define VERSION "0.1"
| #define BLASWRAP_MAJOR_VERSION 0
| #define BLASWRAP_MINOR_VERSION 1
| #define BLASWRAP_MICRO_VERSION 1
| #define BLASWRAP_INTERFACE_AGE 0
| #define BLASWRAP_BINARY_AGE 0
| #define STDC_HEADERS 1
| #define HAVE_SYS_TYPES_H 1
| #define HAVE_SYS_STAT_H 1
| #define HAVE_STDLIB_H 1
| #define HAVE_STRING_H 1
| #define HAVE_MEMORY_H 1
| #define HAVE_STRINGS_H 1
| #define HAVE_INTTYPES_H 1
| #define HAVE_STDINT_H 1
| #define HAVE_UNISTD_H 1
| #define HAVE_DLFCN_H 1
| #define LT_OBJDIR ".libs/"
| #define STDC_HEADERS 1
| #define HAVE_LIBM 1
| #define F77_FUNC(name,NAME) name ## _
| #define F77_FUNC_(name,NAME) name ## _
| /* end confdefs.h.  */
| 
| /* Override any GCC internal prototype to avoid an error.
|    Use char because int might match the return type of a GCC
|    builtin and then its argument prototype would still apply.  */
| #ifdef __cplusplus
| extern "C"
| #endif
| char sgemm_ ();
| #ifdef F77_DUMMY_MAIN
| 
| #  ifdef __cplusplus
|      extern "C"
| #  endif
|    int F77_DUMMY_MAIN() { return 1; }
| 
| #endif
| int
| main ()
| {
| return sgemm_ ();
|   ;
|   return 0;
| }
configure:18321: result: no
configure:18332: checking for sgemm_ in -ldxml
configure:18365: gcc -o conftest -g -O2 -Wall -Werror-implicit-function-declaration -Wstrict-prototypes -Wmissing-prototypes -Wmissing-declarations  -L/home/michael/Codes/lib conftest.c -ldxml  -lm   -L/home/michael/Codes/lib -L/usr/lib64/gcc/x86_64-slackware-linux/11.2.0 -L/usr/lib64/gcc/x86_64-slackware-linux/11.2.0/../../../../lib64 -L/lib/../lib64 -L/usr/lib/../lib64 -L/usr/lib64/gcc/x86_64-slackware-linux/11.2.0/../../.. -lgfortran -lm -lquadmath >&5
conftest.c:39:1: warning: function declaration isn't a prototype [-Wstrict-prototypes]
   39 | char sgemm_ ();
      | ^~~~
conftest.c:49:1: warning: function declaration isn't a prototype [-Wstrict-prototypes]
   49 | main ()
      | ^~~~
/usr/bin/ld: cannot find -ldxml
collect2: error: ld returned 1 exit status
configure:18365: $? = 1
configure: failed program was:
| /* confdefs.h */
| #define PACKAGE_NAME "blaswrap"
| #define PACKAGE_TARNAME "blaswrap"
| #define PACKAGE_VERSION "0.1"
| #define PACKAGE_STRING "blaswrap 0.1"
| #define PACKAGE_BUGREPORT ""
| #define PACKAGE_URL ""
| #define PACKAGE "blaswrap"
| #define VERSION "0.1"
| #define BLASWRAP_MAJOR_VERSION 0
| #define BLASWRAP_MINOR_VERSION 1
| #define BLASWRAP_MICRO_VERSION 1
| #define BLASWRAP_INTERFACE_AGE 0
| #define BLASWRAP_BINARY_AGE 0
| #define STDC_HEADERS 1
| #define HAVE_SYS_TYPES_H 1
| #define HAVE_SYS_STAT_H 1
| #define HAVE_STDLIB_H 1
| #define HAVE_STRING_H 1
| #define HAVE_MEMORY_H 1
| #define HAVE_STRINGS_H 1
| #define HAVE_INTTYPES_H 1
| #define HAVE_STDINT_H 1
| #define HAVE_UNISTD_H 1
| #define HAVE_DLFCN_H 1
| #define LT_OBJDIR ".libs/"
| #define STDC_HEADERS 1
| #define HAVE_LIBM 1
| #define F77_FUNC(name,NAME) name ## _
| #define F77_FUNC_(name,NAME) name ## _
| /* end confdefs.h.  */
| 
| /* Override any GCC internal prototype to avoid an error.
|    Use char because int might match the return type of a GCC
|    builtin and then its argument prototype would still apply.  */
| #ifdef __cplusplus
| extern "C"
| #endif
| char sgemm_ ();
| #ifdef F77_DUMMY_MAIN
| 
| #  ifdef __cplusplus
|      extern "C"
| #  endif
|    int F77_DUMMY_MAIN() { return 1; }
| 
| #endif
| int
| main ()
| {
| return sgemm_ ();
|   ;
|   return 0;
| }
configure:18375: result: no
configure:18490: checking for sgemm_ in -lscs
configure:18523: gcc -o conftest -g -O2 -Wall -Werror-implicit-function-declaration -Wstrict-prototypes -Wmissing-prototypes -Wmissing-declarations  -L/home/michael/Codes/lib conftest.c -lscs  -lm   -L/home/michael/Codes/lib -L/usr/lib64/gcc/x86_64-slackware-linux/11.2.0 -L/usr/lib64/gcc/x86_64-slackware-linux/11.2.0/../../../../lib64 -L/lib/../lib64 -L/usr/lib/../lib64 -L/usr/lib64/gcc/x86_64-slackware-linux/11.2.0/../../.. -lgfortran -lm -lquadmath >&5
conftest.c:39:1: warning: function declaration isn't a prototype [-Wstrict-prototypes]
   39 | char sgemm_ ();
      | ^~~~
conftest.c:49:1: warning: function declaration isn't a prototype [-Wstrict-prototypes]
   49 | main ()
      | ^~~~
/usr/bin/ld: cannot find -lscs
collect2: error: ld returned 1 exit status
configure:18523: $? = 1
configure: failed program was:
| /* confdefs.h */
| #define PACKAGE_NAME "blaswrap"
| #define PACKAGE_TARNAME "blaswrap"
| #define PACKAGE_VERSION "0.1"
| #define PACKAGE_STRING "blaswrap 0.1"
| #define PACKAGE_BUGREPORT ""
| #define PACKAGE_URL ""
| #define PACKAGE "blaswrap"
| #define VERSION "0.1"
| #define BLASWRAP_MAJOR_VERSION 0
| #define BLASWRAP_MINOR_VERSION 1
| #define BLASWRAP_MICRO_VERSION 1
| #define BLASWRAP_INTERFACE_AGE 0
| #define BLASWRAP_BINARY_AGE 0
| #define STDC_HEADERS 1
| #define HAVE_SYS_TYPES_H 1
| #define HAVE_SYS_STAT_H 1
| #define HAVE_STDLIB_H 1
| #define HAVE_STRING_H 1
| #define HAVE_MEMORY_H 1
| #define HAVE_STRINGS_H 1
| #define HAVE_INTTYPES_H 1
| #define HAVE_STDINT_H 1
| #define HAVE_UNISTD_H 1
| #define HAVE_DLFCN_H 1
| #define LT_OBJDIR ".libs/"
| #define STDC_HEADERS 1
| #define HAVE_LIBM 1
| #define F77_FUNC(name,NAME) name ## _
| #define F77_FUNC_(name,NAME) name ## _
| /* end confdefs.h.  */
| 
| /* Override any GCC internal prototype to avoid an error.
|    Use char because int might match the return type of a GCC
|    builtin and then its argument prototype would still apply.  */
| #ifdef __cplusplus
| extern "C"
| #endif
| char sgemm_ ();
| #ifdef F77_DUMMY_MAIN
| 
| #  ifdef __cplusplus
|      extern "C"
| #  endif
|    int F77_DUMMY_MAIN() { return 1; }
| 
| #endif
| int
| main ()
| {
| return sgemm_ ();
|   ;
|   return 0;
| }
configure:18533: result: no
configure:18544: checking for sgemm_ in -lcomplib.sgimath
configure:18577: gcc -o conftest -g -O2 -Wall -Werror-implicit-function-declaration -Wstrict-prototypes -Wmissing-prototypes -Wmissing-declarations  -L/home/michael/Codes/lib conftest.c -lcomplib.sgimath  -lm   -L/home/michael/Codes/lib -L/usr/lib64/gcc/x86_64-slackware-linux/11.2.0 -L/usr/lib64/gcc/x86_64-slackware-linux/11.2.0/../../../../lib64 -L/lib/../lib64 -L/usr/lib/../lib64 -L/usr/lib64/gcc/x86_64-slackware-linux/11.2.0/../../.. -lgfortran -lm -lquadmath >&5
conftest.c:39:1: warning: function declaration isn't a prototype [-Wstrict-prototypes]
   39 | char sgemm_ ();
      | ^~~~
conftest.c:49:1: warning: function declaration isn't a prototype [-Wstrict-prototypes]
   49 | main ()
      | ^~~~
/usr/bin/ld: cannot find -lcomplib.sgimath
collect2: error: ld returned 1 exit status
configure:18577: $? = 1
configure: failed program was:
| /* confdefs.h */
| #define PACKAGE_NAME "blaswrap"
| #define PACKAGE_TARNAME "blaswrap"
| #define PACKAGE_VERSION "0.1"
| #define PACKAGE_STRING "blaswrap 0.1"
| #define PACKAGE_BUGREPORT ""
| #define PACKAGE_URL ""
| #define PACKAGE "blaswrap"
| #define VERSION "0.1"
| #define BLASWRAP_MAJOR_VERSION 0
| #define BLASWRAP_MINOR_VERSION 1
| #define BLASWRAP_MICRO_VERSION 1
| #define BLASWRAP_INTERFACE_AGE 0
| #define BLASWRAP_BINARY_AGE 0
| #define STDC_HEADERS 1
| #define HAVE_SYS_TYPES_H 1
| #define HAVE_SYS_STAT_H 1
| #define HAVE_STDLIB_H 1
| #define HAVE_STRING_H 1
| #define HAVE_MEMORY_H 1
| #define HAVE_STRINGS_H 1
| #define HAVE_INTTYPES_H 1
| #define HAVE_STDINT_H 1
| #define HAVE_UNISTD_H 1
| #define HAVE_DLFCN_H 1
| #define LT_OBJDIR ".libs/"
| #define STDC_HEADERS 1
| #define HAVE_LIBM 1
| #define F77_FUNC(name,NAME) name ## _
| #define F77_FUNC_(name,NAME) name ## _
| /* end confdefs.h.  */
| 
| /* Override any GCC internal prototype to avoid an error.
|    Use char because int might match the return type of a GCC
|    builtin and then its argument prototype would still apply.  */
| #ifdef __cplusplus
| extern "C"
| #endif
| char sgemm_ ();
| #ifdef F77_DUMMY_MAIN
| 
| #  ifdef __cplusplus
|      extern "C"
| #  endif
|    int F77_DUMMY_MAIN() { return 1; }
| 
| #endif
| int
| main ()
| {
| return sgemm_ ();
|   ;
|   return 0;
| }
configure:18587: result: no
configure:18598: checking for sgemm_ in -lblas
configure:18641: result: yes
configure:18645: checking for sgemm_ in -lessl
configure:18678: gcc -o conftest -g -O2 -Wall -Werror-implicit-function-declaration -Wstrict-prototypes -Wmissing-prototypes -Wmissing-declarations  -L/home/michael/Codes/lib conftest.c -lessl -lblas  -L/home/michael/Codes/lib -L/usr/lib64/gcc/x86_64-slackware-linux/11.2.0 -L/usr/lib64/gcc/x86_64-slackware-linux/11.2.0/../../../../lib64 -L/lib/../lib64 -L/usr/lib/../lib64 -L/usr/lib64/gcc/x86_64-slackware-linux/11.2.0/../../.. -lgfortran -lm -lquadmath -lm   -L/home/michael/Codes/lib -L/usr/lib64/gcc/x86_64-slackware-linux/11.2.0 -L/usr/lib64/gcc/x86_64-slackware-linux/11.2.0/../../../../lib64 -L/lib/../lib64 -L/usr/lib/../lib64 -L/usr/lib64/gcc/x86_64-slackware-linux/11.2.0/../../.. -lgfortran -lm -lquadmath >&5
conftest.c:39:1: warning: function declaration isn't a prototype [-Wstrict-prototypes]
   39 | char sgemm_ ();
      | ^~~~
conftest.c:49:1: warning: function declaration isn't a prototype [-Wstrict-prototypes]
   49 | main ()
      | ^~~~
/usr/bin/ld: cannot find -lessl
collect2: error: ld returned 1 exit status
configure:18678: $? = 1
configure: failed program was:
| /* confdefs.h */
| #define PACKAGE_NAME "blaswrap"
| #define PACKAGE_TARNAME "blaswrap"
| #define PACKAGE_VERSION "0.1"
| #define PACKAGE_STRING "blaswrap 0.1"
| #define PACKAGE_BUGREPORT ""
| #define PACKAGE_URL ""
| #define PACKAGE "blaswrap"
| #define VERSION "0.1"
| #define BLASWRAP_MAJOR_VERSION 0
| #define BLASWRAP_MINOR_VERSION 1
| #define BLASWRAP_MICRO_VERSION 1
| #define BLASWRAP_INTERFACE_AGE 0
| #define BLASWRAP_BINARY_AGE 0
| #define STDC_HEADERS 1
| #define HAVE_SYS_TYPES_H 1
| #define HAVE_SYS_STAT_H 1
| #define HAVE_STDLIB_H 1
| #define HAVE_STRING_H 1
| #define HAVE_MEMORY_H 1
| #define HAVE_STRINGS_H 1
| #define HAVE_INTTYPES_H 1
| #define HAVE_STDINT_H 1
| #define HAVE_UNISTD_H 1
| #define HAVE_DLFCN_H 1
| #define LT_OBJDIR ".libs/"
| #define STDC_HEADERS 1
| #define HAVE_LIBM 1
| #define F77_FUNC(name,NAME) name ## _
| #define F77_FUNC_(name,NAME) name ## _
| /* end confdefs.h.  */
| 
| /* Override any GCC internal prototype to avoid an error.
|    Use char because int might match the return type of a GCC
|    builtin and then its argument prototype would still apply.  */
| #ifdef __cplusplus
| extern "C"
| #endif
| char sgemm_ ();
| #ifdef F77_DUMMY_MAIN
| 
| #  ifdef __cplusplus
|      extern "C"
| #  endif
|    int F77_DUMMY_MAIN() { return 1; }
| 
| #endif
| int
| main ()
| {
| return sgemm_ ();
|   ;
|   return 0;
| }
configure:18688: result: no
configure:18701: checking for sgemm_ in -lblas
configure:18744: result: yes
configure:18892: checking that generated files are newer than configure
configure:18898: result: done
configure:18925: creating ./config.status

## ---------------------- ##
## Running config.status. ##
## ---------------------- ##

This file was extended by blaswrap config.status 0.1, which was
generated by GNU Autoconf 2.69.  Invocation command line was

  CONFIG_FILES    = 
  CONFIG_HEADERS  = 
  CONFIG_LINKS    = 
  CONFIG_COMMANDS = 
  $ ./config.status 

on michael.paraffinalia.co.uk

config.status:1174: creating Makefile
config.status:1174: creating src/Makefile
config.status:1174: creating src/blaswrap-config
config.status:1174: creating tests/Makefile
config.status:1174: creating config.h
config.status:1355: config.h is unchanged
config.status:1403: executing depfiles commands
config.status:1480: cd tests       && sed -e '/# am--include-marker/d' Makefile         | make -f - am--depfiles
make: Nothing to be done for 'am--depfiles'.
config.status:1485: $? = 0
config.status:1403: executing libtool commands

## ---------------- ##
## Cache variables. ##
## ---------------- ##

ac_cv_build=x86_64-pc-linux-gnu
ac_cv_c_compiler_gnu=yes
ac_cv_env_BLIS_CFLAGS_set=
ac_cv_env_BLIS_CFLAGS_value=
ac_cv_env_BLIS_LIBS_set=
ac_cv_env_BLIS_LIBS_value=
ac_cv_env_CC_set=
ac_cv_env_CC_value=
ac_cv_env_CFLAGS_set=
ac_cv_env_CFLAGS_value=
ac_cv_env_CPPFLAGS_set=
ac_cv_env_CPPFLAGS_value=
ac_cv_env_CPP_set=
ac_cv_env_CPP_value=
ac_cv_env_F77_set=
ac_cv_env_F77_value=
ac_cv_env_FFLAGS_set=
ac_cv_env_FFLAGS_value=
ac_cv_env_GLIB_CFLAGS_set=
ac_cv_env_GLIB_CFLAGS_value=
ac_cv_env_GLIB_COMPILE_RESOURCES_set=
ac_cv_env_GLIB_COMPILE_RESOURCES_value=
ac_cv_env_GLIB_GENMARSHAL_set=
ac_cv_env_GLIB_GENMARSHAL_value=
ac_cv_env_GLIB_LIBS_set=
ac_cv_env_GLIB_LIBS_value=
ac_cv_env_GLIB_MKENUMS_set=
ac_cv_env_GLIB_MKENUMS_value=
ac_cv_env_GOBJECT_QUERY_set=
ac_cv_env_GOBJECT_QUERY_value=
ac_cv_env_LDFLAGS_set=set
ac_cv_env_LDFLAGS_value=-L/home/michael/Codes/lib
ac_cv_env_LIBS_set=
ac_cv_env_LIBS_value=
ac_cv_env_LT_SYS_LIBRARY_PATH_set=
ac_cv_env_LT_SYS_LIBRARY_PATH_value=
ac_cv_env_PKG_CONFIG_LIBDIR_set=
ac_cv_env_PKG_CONFIG_LIBDIR_value=
ac_cv_env_PKG_CONFIG_PATH_set=set
ac_cv_env_PKG_CONFIG_PATH_value=/home/michael/Codes/lib/pkgconfig:/home/michael/Codes/share/pkgconfig:/home/michael/Codes/lib/pkgconfig:/home/michael/Codes/lib/pkgconfig:/usr/local/lib64/pkgconfig:/usr/local/share/pkgconfig:/usr/lib64/pkgconfig:/usr/share/pkgconfig:/usr/local/lib64/pkgconfig:/usr/local/share/pkgconfig
ac_cv_env_PKG_CONFIG_set=
ac_cv_env_PKG_CONFIG_value=
ac_cv_env_build_alias_set=
ac_cv_env_build_alias_value=
ac_cv_env_host_alias_set=
ac_cv_env_host_alias_value=
ac_cv_env_target_alias_set=
ac_cv_env_target_alias_value=
ac_cv_f77_compiler_gnu=yes
ac_cv_f77_dummy_main=none
ac_cv_f77_libs=' -L/home/michael/Codes/lib -L/usr/lib64/gcc/x86_64-slackware-linux/11.2.0 -L/usr/lib64/gcc/x86_64-slackware-linux/11.2.0/../../../../lib64 -L/lib/../lib64 -L/usr/lib/../lib64 -L/usr/lib64/gcc/x86_64-slackware-linux/11.2.0/../../.. -lgfortran -lm -lquadmath'
ac_cv_f77_mangling='lower case, underscore, no extra underscore'
ac_cv_fortran_dummy_main=none
ac_cv_func_sgemm_=no
ac_cv_header_dlfcn_h=yes
ac_cv_header_inttypes_h=yes
ac_cv_header_memory_h=yes
ac_cv_header_stdc=yes
ac_cv_header_stdint_h=yes
ac_cv_header_stdlib_h=yes
ac_cv_header_string_h=yes
ac_cv_header_strings_h=yes
ac_cv_header_sys_stat_h=yes
ac_cv_header_sys_types_h=yes
ac_cv_header_unistd_h=yes
ac_cv_host=x86_64-pc-linux-gnu
ac_cv_lib_atlas_ATL_xerbla=no
ac_cv_lib_blas_sgemm_=yes
ac_cv_lib_complib_sgimath_sgemm_=no
ac_cv_lib_cxml_sgemm_=no
ac_cv_lib_dgemm_dgemm_=no
ac_cv_lib_dxml_sgemm_=no
ac_cv_lib_essl_sgemm_=no
ac_cv_lib_m_cos=yes
ac_cv_lib_scs_sgemm_=no
ac_cv_objext=o
ac_cv_path_EGREP='/usr/bin/grep -E'
ac_cv_path_FGREP='/usr/bin/grep -F'
ac_cv_path_GREP=/usr/bin/grep
ac_cv_path_SED=/usr/bin/sed
ac_cv_path_ac_pt_PKG_CONFIG=/usr/bin/pkg-config
ac_cv_path_install='/usr/bin/ginstall -c'
ac_cv_path_lt_DD=/usr/bin/dd
ac_cv_path_mkdir=/usr/bin/mkdir
ac_cv_prog_AWK=gawk
ac_cv_prog_CPP='gcc -E'
ac_cv_prog_ac_ct_AR=ar
ac_cv_prog_ac_ct_CC=gcc
ac_cv_prog_ac_ct_DLLTOOL=dlltool
ac_cv_prog_ac_ct_F77=g77
ac_cv_prog_ac_ct_MANIFEST_TOOL=mt
ac_cv_prog_ac_ct_OBJDUMP=objdump
ac_cv_prog_ac_ct_RANLIB=ranlib
ac_cv_prog_ac_ct_STRIP=strip
ac_cv_prog_cc_c89=
ac_cv_prog_cc_g=yes
ac_cv_prog_f77_g=yes
ac_cv_prog_f77_v=-v
ac_cv_prog_make_make_set=yes
ac_cv_search_strerror='none required'
am_cv_CC_dependencies_compiler_type=gcc3
am_cv_make_support_nested_variables=yes
am_cv_prog_cc_c_o=yes
lt_cv_ar_at_file=@
lt_cv_archive_cmds_need_lc=no
lt_cv_deplibs_check_method=pass_all
lt_cv_file_magic_cmd='$MAGIC_CMD'
lt_cv_file_magic_test_file=
lt_cv_ld_reload_flag=-r
lt_cv_nm_interface='BSD nm'
lt_cv_objdir=.libs
lt_cv_path_LD=/usr/bin/ld
lt_cv_path_NM='/usr/bin/nm -B'
lt_cv_path_mainfest_tool=no
lt_cv_prog_compiler_c_o=yes
lt_cv_prog_compiler_c_o_F77=yes
lt_cv_prog_compiler_pic='-fPIC -DPIC'
lt_cv_prog_compiler_pic_F77=-fPIC
lt_cv_prog_compiler_pic_works=yes
lt_cv_prog_compiler_pic_works_F77=yes
lt_cv_prog_compiler_rtti_exceptions=no
lt_cv_prog_compiler_static_works=yes
lt_cv_prog_compiler_static_works_F77=yes
lt_cv_prog_gnu_ld=yes
lt_cv_sharedlib_from_linklib_cmd='printf %s\n'
lt_cv_shlibpath_overrides_runpath=no
lt_cv_sys_global_symbol_pipe='sed -n -e '\''s/^.*[	 ]\([ABCDGIRSTW][ABCDGIRSTW]*\)[	 ][	 ]*\([_A-Za-z][_A-Za-z0-9]*\)$/\1 \2 \2/p'\'' | sed '\''/ __gnu_lto/d'\'''
lt_cv_sys_global_symbol_to_c_name_address='sed -n -e '\''s/^: \(.*\) .*$/  {"\1", (void *) 0},/p'\'' -e '\''s/^[ABCDGIRSTW][ABCDGIRSTW]* .* \(.*\)$/  {"\1", (void *) \&\1},/p'\'''
lt_cv_sys_global_symbol_to_c_name_address_lib_prefix='sed -n -e '\''s/^: \(.*\) .*$/  {"\1", (void *) 0},/p'\'' -e '\''s/^[ABCDGIRSTW][ABCDGIRSTW]* .* \(lib.*\)$/  {"\1", (void *) \&\1},/p'\'' -e '\''s/^[ABCDGIRSTW][ABCDGIRSTW]* .* \(.*\)$/  {"lib\1", (void *) \&\1},/p'\'''
lt_cv_sys_global_symbol_to_cdecl='sed -n -e '\''s/^T .* \(.*\)$/extern int \1();/p'\'' -e '\''s/^[ABCDGIRSTW][ABCDGIRSTW]* .* \(.*\)$/extern char \1;/p'\'''
lt_cv_sys_global_symbol_to_import=
lt_cv_sys_max_cmd_len=1572864
lt_cv_to_host_file_cmd=func_convert_file_noop
lt_cv_to_tool_file_cmd=func_convert_file_noop
lt_cv_truncate_bin='/usr/bin/dd bs=4096 count=1'
pkg_cv_BLIS_CFLAGS=-I/home/michael/Codes/include/blis
pkg_cv_BLIS_LIBS='-L/home/michael/Codes/lib -lblis'
pkg_cv_GLIB_CFLAGS='-pthread -I/usr/include/glib-2.0 -I/usr/lib64/glib-2.0/include'
pkg_cv_GLIB_COMPILE_RESOURCES=/usr/bin/glib-compile-resources
pkg_cv_GLIB_GENMARSHAL=/usr/bin/glib-genmarshal
pkg_cv_GLIB_LIBS='-lgthread-2.0 -pthread -Wl,--export-dynamic -lgmodule-2.0 -pthread -lglib-2.0'
pkg_cv_GLIB_MKENUMS=/usr/bin/glib-mkenums
pkg_cv_GOBJECT_QUERY=/usr/bin/gobject-query

## ----------------- ##
## Output variables. ##
## ----------------- ##

ACLOCAL='${SHELL} /home/michael/Codes/Libraries/blaswrap/missing aclocal-1.16'
AMDEPBACKSLASH='\'
AMDEP_FALSE='#'
AMDEP_TRUE=''
AMTAR='$${TAR-tar}'
AM_BACKSLASH='\'
AM_DEFAULT_V='$(AM_DEFAULT_VERBOSITY)'
AM_DEFAULT_VERBOSITY='1'
AM_V='$(V)'
AR='ar'
AUTOCONF='${SHELL} /home/michael/Codes/Libraries/blaswrap/missing autoconf'
AUTOHEADER='${SHELL} /home/michael/Codes/Libraries/blaswrap/missing autoheader'
AUTOMAKE='${SHELL} /home/michael/Codes/Libraries/blaswrap/missing automake-1.16'
AWK='gawk'
BLASWRAP_MAJOR_VERSION='0'
BLASWRAP_MICRO_VERSION='1'
BLASWRAP_MINOR_VERSION='1'
BLASWRAP_VERSION='0.1.1'
BLAS_LIBS='-lblas'
BLIS_CFLAGS='-I/home/michael/Codes/include/blis'
BLIS_LIBS='-L/home/michael/Codes/lib -lblis'
CC='gcc'
CCDEPMODE='depmode=gcc3'
CFLAGS='-g -O2 -Wall -Werror-implicit-function-declaration -Wstrict-prototypes -Wmissing-prototypes -Wmissing-declarations -I/usr/include/glib-2.0 -I/usr/lib64/glib-2.0/include'
CPP='gcc -E'
CPPFLAGS=''
CYGPATH_W='echo'
DEFS='-DHAVE_CONFIG_H'
DEPDIR='.deps'
DLLTOOL='dlltool'
DSYMUTIL=''
DUMPBIN=''
ECHO_C=''
ECHO_N='-n'
ECHO_T=''
EGREP='/usr/bin/grep -E'
EXEEXT=''
F77='g77'
FFLAGS='-g -O2'
FGREP='/usr/bin/grep -F'
FLIBS=' -L/home/michael/Codes/lib -L/usr/lib64/gcc/x86_64-slackware-linux/11.2.0 -L/usr/lib64/gcc/x86_64-slackware-linux/11.2.0/../../../../lib64 -L/lib/../lib64 -L/usr/lib/../lib64 -L/usr/lib64/gcc/x86_64-slackware-linux/11.2.0/../../.. -lgfortran -lm -lquadmath'
GLIB_CFLAGS='-pthread -I/usr/include/glib-2.0 -I/usr/lib64/glib-2.0/include'
GLIB_COMPILE_RESOURCES='/usr/bin/glib-compile-resources'
GLIB_CONFIG=''
GLIB_GENMARSHAL='/usr/bin/glib-genmarshal'
GLIB_LIBS='-lglib-2.0'
GLIB_MKENUMS='/usr/bin/glib-mkenums'
GOBJECT_QUERY='/usr/bin/gobject-query'
GREP='/usr/bin/grep'
INSTALL_DATA='${INSTALL} -m 644'
INSTALL_PROGRAM='${INSTALL}'
INSTALL_SCRIPT='${INSTALL}'
INSTALL_STRIP_PROGRAM='$(install_sh) -c -s'
LD='/usr/bin/ld -m elf_x86_64'
LDFLAGS='-L/home/michael/Codes/lib -lglib-2.0'
LIBOBJS=''
LIBS='-lglib-2.0 -lblas  -L/home/michael/Codes/lib -L/usr/lib64/gcc/x86_64-slackware-linux/11.2.0 -L/usr/lib64/gcc/x86_64-slackware-linux/11.2.0/../../../../lib64 -L/lib/../lib64 -L/usr/lib/../lib64 -L/usr/lib64/gcc/x86_64-slackware-linux/11.2.0/../../.. -lgfortran -lm -lquadmath'
LIBTOOL='$(SHELL) $(top_builddir)/libtool'
LIPO=''
LN_S='ln -s'
LTLIBOBJS=''
LT_AGE='0'
LT_CURRENT='1'
LT_RELEASE='0.1'
LT_REVISION='0'
LT_SYS_LIBRARY_PATH=''
MAKEINFO='${SHELL} /home/michael/Codes/Libraries/blaswrap/missing makeinfo'
MANIFEST_TOOL=':'
MKDIR_P='/usr/bin/mkdir -p'
NM='/usr/bin/nm -B'
NMEDIT=''
OBJDUMP='objdump'
OBJEXT='o'
OTOOL64=''
OTOOL=''
PACKAGE='blaswrap'
PACKAGE_BUGREPORT=''
PACKAGE_NAME='blaswrap'
PACKAGE_STRING='blaswrap 0.1'
PACKAGE_TARNAME='blaswrap'
PACKAGE_URL=''
PACKAGE_VERSION='0.1'
PATH_SEPARATOR=':'
PKG_CONFIG='/usr/bin/pkg-config'
PKG_CONFIG_LIBDIR=''
PKG_CONFIG_PATH='/home/michael/Codes/lib/pkgconfig:/home/michael/Codes/share/pkgconfig:/home/michael/Codes/lib/pkgconfig:/home/michael/Codes/lib/pkgconfig:/usr/local/lib64/pkgconfig:/usr/local/share/pkgconfig:/usr/lib64/pkgconfig:/usr/share/pkgconfig:/usr/local/lib64/pkgconfig:/usr/local/share/pkgconfig'
RANLIB='ranlib'
SED='/usr/bin/sed'
SET_MAKE=''
SHELL='/bin/sh'
STRIP='strip'
VERSION='0.1'
ac_ct_AR='ar'
ac_ct_CC='gcc'
ac_ct_DUMPBIN=''
ac_ct_F77='g77'
am__EXEEXT_FALSE=''
am__EXEEXT_TRUE='#'
am__fastdepCC_FALSE='#'
am__fastdepCC_TRUE=''
am__include='include'
am__isrc=''
am__leading_dot='.'
am__nodep='_no'
am__quote=''
am__tar='$${TAR-tar} chof - "$$tardir"'
am__untar='$${TAR-tar} xf -'
bindir='${exec_prefix}/bin'
build='x86_64-pc-linux-gnu'
build_alias=''
build_cpu='x86_64'
build_os='linux-gnu'
build_vendor='pc'
datadir='${datarootdir}'
datarootdir='${prefix}/share'
docdir='${datarootdir}/doc/${PACKAGE_TARNAME}'
dvidir='${docdir}'
exec_prefix='${prefix}'
host='x86_64-pc-linux-gnu'
host_alias=''
host_cpu='x86_64'
host_os='linux-gnu'
host_vendor='pc'
htmldir='${docdir}'
includedir='${prefix}/include'
infodir='${datarootdir}/info'
install_sh='${SHELL} /home/michael/Codes/Libraries/blaswrap/install-sh'
libdir='${exec_prefix}/lib'
libexecdir='${exec_prefix}/libexec'
localedir='${datarootdir}/locale'
localstatedir='${prefix}/var'
mandir='${datarootdir}/man'
mkdir_p='$(MKDIR_P)'
oldincludedir='/usr/include'
pdfdir='${docdir}'
prefix='/home/michael/Codes'
program_transform_name='s,x,x,'
psdir='${docdir}'
sbindir='${exec_prefix}/sbin'
sharedstatedir='${prefix}/com'
sysconfdir='${prefix}/etc'
target_alias=''

## ----------- ##
## confdefs.h. ##
## ----------- ##

/* confdefs.h */
#define PACKAGE_NAME "blaswrap"
#define PACKAGE_TARNAME "blaswrap"
#define PACKAGE_VERSION "0.1"
#define PACKAGE_STRING "blaswrap 0.1"
#define PACKAGE_BUGREPORT ""
#define PACKAGE_URL ""
#define PACKAGE "blaswrap"
#define VERSION "0.1"
#define BLASWRAP_MAJOR_VERSION 0
#define BLASWRAP_MINOR_VERSION 1
#define BLASWRAP_MICRO_VERSION 1
#define BLASWRAP_INTERFACE_AGE 0
#define BLASWRAP_BINARY_AGE 0
#define STDC_HEADERS 1
#define HAVE_SYS_TYPES_H 1
#define HAVE_SYS_STAT_H 1
#define HAVE_STDLIB_H 1
#define HAVE_STRING_H 1
#define HAVE_MEMORY_H 1
#define HAVE_STRINGS_H 1
#define HAVE_INTTYPES_H 1
#define HAVE_STDINT_H 1
#define HAVE_UNISTD_H 1
#define HAVE_DLFCN_H 1
#define LT_OBJDIR ".libs/"
#define STDC_HEADERS 1
#define HAVE_LIBM 1
#define F77_FUNC(name,NAME) name ## _
#define F77_FUNC_(name,NAME) name ## _
#define HAVE_BLAS 1

configure: exit 0

## ---------------------- ##
## Running config.status. ##
## ---------------------- ##

This file was extended by blaswrap config.status 0.1, which was
generated by GNU Autoconf 2.69.  Invocation command line was

  CONFIG_FILES    = 
  CONFIG_HEADERS  = 
  CONFIG_LINKS    = 
  CONFIG_COMMANDS = 
  $ ./config.status config.h

on michael.paraffinalia.co.uk

config.status:1174: creating config.h
